Performing system checks...

System check identified no issues (0 silenced).
April 02, 2026 - 13:27:14
Django version 5.1.1, using settings 'bot_builder.settings'
Starting development server at http://0.0.0.0:9000/
Quit the server with CONTROL-C.

Performing system checks...

System check identified no issues (0 silenced).
April 02, 2026 - 13:29:56
Django version 5.1.1, using settings 'bot_builder.settings'
Starting development server at http://0.0.0.0:9000/
Quit the server with CONTROL-C.

Performing system checks...

System check identified no issues (0 silenced).
April 02, 2026 - 13:29:58
Django version 5.1.1, using settings 'bot_builder.settings'
Starting development server at http://0.0.0.0:9000/
Quit the server with CONTROL-C.

Performing system checks...

System check identified no issues (0 silenced).
April 02, 2026 - 13:32:57
Django version 5.1.1, using settings 'bot_builder.settings'
Starting development server at http://0.0.0.0:9000/
Quit the server with CONTROL-C.

Performing system checks...

System check identified no issues (0 silenced).
April 02, 2026 - 13:36:59
Django version 5.1.1, using settings 'bot_builder.settings'
Starting development server at http://0.0.0.0:9000/
Quit the server with CONTROL-C.

Performing system checks...

System check identified no issues (0 silenced).
April 02, 2026 - 13:37:47
Django version 5.1.1, using settings 'bot_builder.settings'
Starting development server at http://0.0.0.0:9000/
Quit the server with CONTROL-C.

Performing system checks...

System check identified no issues (0 silenced).
April 02, 2026 - 13:37:56
Django version 5.1.1, using settings 'bot_builder.settings'
Starting development server at http://0.0.0.0:9000/
Quit the server with CONTROL-C.

Performing system checks...

System check identified no issues (0 silenced).
April 02, 2026 - 13:38:03
Django version 5.1.1, using settings 'bot_builder.settings'
Starting development server at http://0.0.0.0:9000/
Quit the server with CONTROL-C.

Performing system checks...

System check identified no issues (0 silenced).
April 02, 2026 - 13:39:00
Django version 5.1.1, using settings 'bot_builder.settings'
Starting development server at http://0.0.0.0:9000/
Quit the server with CONTROL-C.

Performing system checks...

System check identified no issues (0 silenced).
April 02, 2026 - 13:39:48
Django version 5.1.1, using settings 'bot_builder.settings'
Starting development server at http://0.0.0.0:9000/
Quit the server with CONTROL-C.

Performing system checks...

System check identified no issues (0 silenced).
April 02, 2026 - 13:40:09
Django version 5.1.1, using settings 'bot_builder.settings'
Starting development server at http://0.0.0.0:9000/
Quit the server with CONTROL-C.

Performing system checks...

System check identified no issues (0 silenced).
April 02, 2026 - 13:40:15
Django version 5.1.1, using settings 'bot_builder.settings'
Starting development server at http://0.0.0.0:9000/
Quit the server with CONTROL-C.

Performing system checks...

System check identified no issues (0 silenced).
April 02, 2026 - 13:40:33
Django version 5.1.1, using settings 'bot_builder.settings'
Starting development server at http://0.0.0.0:9000/
Quit the server with CONTROL-C.

Performing system checks...

System check identified no issues (0 silenced).
April 02, 2026 - 13:40:38
Django version 5.1.1, using settings 'bot_builder.settings'
Starting development server at http://0.0.0.0:9000/
Quit the server with CONTROL-C.

Performing system checks...

System check identified no issues (0 silenced).
April 02, 2026 - 13:41:52
Django version 5.1.1, using settings 'bot_builder.settings'
Starting development server at http://0.0.0.0:9000/
Quit the server with CONTROL-C.

Performing system checks...

System check identified no issues (0 silenced).
April 02, 2026 - 13:42:31
Django version 5.1.1, using settings 'bot_builder.settings'
Starting development server at http://0.0.0.0:9000/
Quit the server with CONTROL-C.

Performing system checks...

System check identified no issues (0 silenced).
April 02, 2026 - 13:42:53
Django version 5.1.1, using settings 'bot_builder.settings'
Starting development server at http://0.0.0.0:9000/
Quit the server with CONTROL-C.

Performing system checks...

System check identified no issues (0 silenced).
April 02, 2026 - 13:43:06
Django version 5.1.1, using settings 'bot_builder.settings'
Starting development server at http://0.0.0.0:9000/
Quit the server with CONTROL-C.

Performing system checks...

System check identified no issues (0 silenced).
April 02, 2026 - 13:43:09
Django version 5.1.1, using settings 'bot_builder.settings'
Starting development server at http://0.0.0.0:9000/
Quit the server with CONTROL-C.

Performing system checks...

System check identified no issues (0 silenced).
April 02, 2026 - 13:43:13
Django version 5.1.1, using settings 'bot_builder.settings'
Starting development server at http://0.0.0.0:9000/
Quit the server with CONTROL-C.

Performing system checks...

System check identified no issues (0 silenced).
April 02, 2026 - 13:43:36
Django version 5.1.1, using settings 'bot_builder.settings'
Starting development server at http://0.0.0.0:9000/
Quit the server with CONTROL-C.

Performing system checks...

System check identified no issues (0 silenced).
April 02, 2026 - 13:45:19
Django version 5.1.1, using settings 'bot_builder.settings'
Starting development server at http://0.0.0.0:9000/
Quit the server with CONTROL-C.

Performing system checks...

System check identified no issues (0 silenced).
April 02, 2026 - 13:45:29
Django version 5.1.1, using settings 'bot_builder.settings'
Starting development server at http://0.0.0.0:9000/
Quit the server with CONTROL-C.

Performing system checks...

System check identified no issues (0 silenced).
April 02, 2026 - 13:45:40
Django version 5.1.1, using settings 'bot_builder.settings'
Starting development server at http://0.0.0.0:9000/
Quit the server with CONTROL-C.

Performing system checks...

System check identified no issues (0 silenced).
April 02, 2026 - 13:56:17
Django version 5.1.1, using settings 'bot_builder.settings'
Starting development server at http://0.0.0.0:9000/
Quit the server with CONTROL-C.

Performing system checks...

System check identified no issues (0 silenced).
April 02, 2026 - 13:59:33
Django version 5.1.1, using settings 'bot_builder.settings'
Starting development server at http://0.0.0.0:9000/
Quit the server with CONTROL-C.

