2026-04-18 14:24:42.725 | ERROR    | apps.bot.telegram_api_message:send_success_notification_telegram_message:67 - Ошибка при удалении предыдущего сообщения: A request to the Telegram API was unsuccessful. Error code: 400. Description: Bad Request: message can't be deleted for everyone
2026-04-18 14:24:42.727 | SUCCESS  | apps.bot.telegram_api_message:send_success_notification_telegram_message:70 - Saved successfully! sub user.last_message_id=15866 message_id=15866
2026-04-18 14:24:42.727 | SUCCESS  | apps.bot.management.commands.notification:worker:56 - Уведомление за 3 дня успешно отправлено пользователю 1145314574
2026-04-18 15:59:54.104 | ERROR    | apps.bot.telegram_api_message:send_success_notification_telegram_message:67 - Ошибка при удалении предыдущего сообщения: A request to the Telegram API was unsuccessful. Error code: 400. Description: Bad Request: message can't be deleted for everyone
2026-04-18 15:59:54.105 | SUCCESS  | apps.bot.telegram_api_message:send_success_notification_telegram_message:70 - Saved successfully! sub user.last_message_id=15879 message_id=15879
2026-04-18 15:59:54.105 | SUCCESS  | apps.bot.management.commands.notification:worker:56 - Уведомление за 3 дня успешно отправлено пользователю 8014021557
2026-04-18 17:06:03.224 | ERROR    | apps.bot.telegram_api_message:send_success_notification_telegram_message:67 - Ошибка при удалении предыдущего сообщения: A request to the Telegram API was unsuccessful. Error code: 400. Description: Bad Request: message can't be deleted for everyone
2026-04-18 17:06:03.226 | SUCCESS  | apps.bot.telegram_api_message:send_success_notification_telegram_message:70 - Saved successfully! sub user.last_message_id=15881 message_id=15881
2026-04-18 17:06:03.226 | SUCCESS  | apps.bot.management.commands.notification:worker:56 - Уведомление за 3 дня успешно отправлено пользователю 1837701505
2026-04-18 17:10:06.771 | ERROR    | apps.bot.telegram_api_message:send_success_notification_telegram_message:67 - Ошибка при удалении предыдущего сообщения: A request to the Telegram API was unsuccessful. Error code: 400. Description: Bad Request: message can't be deleted for everyone
2026-04-18 17:10:06.773 | SUCCESS  | apps.bot.telegram_api_message:send_success_notification_telegram_message:70 - Saved successfully! sub user.last_message_id=15882 message_id=15882
2026-04-18 17:10:06.773 | SUCCESS  | apps.bot.management.commands.notification:worker:69 - Уведомление за 1 день успешно отправлено пользователю 1994170026
2026-04-18 17:14:10.343 | ERROR    | apps.bot.telegram_api_message:send_success_notification_telegram_message:67 - Ошибка при удалении предыдущего сообщения: A request to the Telegram API was unsuccessful. Error code: 400. Description: Bad Request: message can't be deleted for everyone
2026-04-18 17:14:10.345 | SUCCESS  | apps.bot.telegram_api_message:send_success_notification_telegram_message:70 - Saved successfully! sub user.last_message_id=15883 message_id=15883
2026-04-18 17:14:10.345 | SUCCESS  | apps.bot.management.commands.notification:worker:82 - Уведомление за 1 час успешно отправлено пользователю 5831340524
2026-04-18 18:02:19.019 | SUCCESS  | apps.bot.telegram_api_message:send_success_notification_telegram_message:70 - Saved successfully! sub user.last_message_id=15887 message_id=15887
2026-04-18 18:02:19.019 | SUCCESS  | apps.bot.management.commands.notification:worker:56 - Уведомление за 3 дня успешно отправлено пользователю 920205258
2026-04-18 18:13:20.260 | INFO     | apps.bot.management.commands.notification:worker:88 - Пользователь 5831340524 подписка закончилась!
2026-04-18 18:13:20.263 | INFO     | apps.bot.management.commands.notification:worker:96 - pyment_last=<Payment: Payment object (780)>
2026-04-18 18:13:23.543 | ERROR    | apps.bot.telegram_api_message:send_success_notification_telegram_message:67 - Ошибка при удалении предыдущего сообщения: A request to the Telegram API was unsuccessful. Error code: 400. Description: Bad Request: message can't be deleted for everyone
2026-04-18 18:13:23.545 | SUCCESS  | apps.bot.telegram_api_message:send_success_notification_telegram_message:70 - Saved successfully! sub user.last_message_id=15888 message_id=15888
2026-04-18 18:13:23.545 | SUCCESS  | apps.bot.management.commands.notification:worker:123 - Уведомление об окончании подписки успешно отправлено пользователю 5831340524
2026-04-18 20:53:43.416 | SUCCESS  | apps.bot.telegram_api_message:send_success_notification_telegram_message:70 - Saved successfully! sub user.last_message_id=15893 message_id=15893
2026-04-18 20:53:43.416 | SUCCESS  | apps.bot.management.commands.notification:worker:69 - Уведомление за 1 день успешно отправлено пользователю 761235867
2026-04-18 21:00:48.323 | ERROR    | apps.bot.telegram_api_message:send_success_notification_telegram_message:67 - Ошибка при удалении предыдущего сообщения: A request to the Telegram API was unsuccessful. Error code: 400. Description: Bad Request: message to delete not found
2026-04-18 21:00:48.625 | SUCCESS  | apps.bot.telegram_api_message:send_success_notification_telegram_message:70 - Saved successfully! sub user.last_message_id=15896 message_id=15896
2026-04-18 21:00:48.625 | SUCCESS  | apps.bot.management.commands.notification:worker:82 - Уведомление за 1 час успешно отправлено пользователю 483687932
2026-04-18 22:00:18.243 | INFO     | apps.bot.management.commands.notification:worker:88 - Пользователь 483687932 подписка закончилась!
2026-04-18 22:00:18.245 | INFO     | apps.bot.management.commands.notification:worker:96 - pyment_last=<Payment: Payment object (1028)>
2026-04-18 22:00:22.878 | ERROR    | apps.bot.telegram_api_message:send_success_notification_telegram_message:67 - Ошибка при удалении предыдущего сообщения: A request to the Telegram API was unsuccessful. Error code: 400. Description: Bad Request: message to delete not found
2026-04-18 22:00:22.880 | SUCCESS  | apps.bot.telegram_api_message:send_success_notification_telegram_message:70 - Saved successfully! sub user.last_message_id=15913 message_id=15913
2026-04-18 22:00:22.880 | SUCCESS  | apps.bot.management.commands.notification:worker:123 - Уведомление об окончании подписки успешно отправлено пользователю 483687932
2026-04-18 23:27:19.283 | ERROR    | apps.bot.telegram_api_message:send_success_notification_telegram_message:67 - Ошибка при удалении предыдущего сообщения: A request to the Telegram API was unsuccessful. Error code: 400. Description: Bad Request: message can't be deleted for everyone
2026-04-18 23:27:19.285 | SUCCESS  | apps.bot.telegram_api_message:send_success_notification_telegram_message:70 - Saved successfully! sub user.last_message_id=15942 message_id=15942
2026-04-18 23:27:19.285 | SUCCESS  | apps.bot.management.commands.notification:worker:56 - Уведомление за 3 дня успешно отправлено пользователю 1426716829
2026-04-18 23:27:22.403 | ERROR    | apps.bot.telegram_api_message:send_success_notification_telegram_message:67 - Ошибка при удалении предыдущего сообщения: A request to the Telegram API was unsuccessful. Error code: 400. Description: Bad Request: message to delete not found
2026-04-18 23:27:22.405 | SUCCESS  | apps.bot.telegram_api_message:send_success_notification_telegram_message:70 - Saved successfully! sub user.last_message_id=15943 message_id=15943
2026-04-18 23:27:22.405 | SUCCESS  | apps.bot.management.commands.notification:worker:82 - Уведомление за 1 час успешно отправлено пользователю 970952884
2026-04-19 00:23:28.924 | INFO     | apps.bot.management.commands.notification:worker:88 - Пользователь 970952884 подписка закончилась!
2026-04-19 00:23:28.925 | INFO     | apps.bot.management.commands.notification:worker:96 - pyment_last=<Payment: Payment object (1034)>
2026-04-19 00:39:36.928 | ERROR    | apps.bot.telegram_api_message:send_success_notification_telegram_message:67 - Ошибка при удалении предыдущего сообщения: A request to the Telegram API was unsuccessful. Error code: 400. Description: Bad Request: message to delete not found
2026-04-19 00:39:36.930 | SUCCESS  | apps.bot.telegram_api_message:send_success_notification_telegram_message:70 - Saved successfully! sub user.last_message_id=15973 message_id=15973
2026-04-19 00:39:36.930 | SUCCESS  | apps.bot.management.commands.notification:worker:123 - Уведомление об окончании подписки успешно отправлено пользователю 970952884
2026-04-19 02:25:50.558 | ERROR    | apps.bot.telegram_api_message:send_success_notification_telegram_message:67 - Ошибка при удалении предыдущего сообщения: A request to the Telegram API was unsuccessful. Error code: 400. Description: Bad Request: message can't be deleted for everyone
2026-04-19 02:25:50.561 | SUCCESS  | apps.bot.telegram_api_message:send_success_notification_telegram_message:70 - Saved successfully! sub user.last_message_id=15978 message_id=15978
2026-04-19 02:25:50.561 | SUCCESS  | apps.bot.management.commands.notification:worker:56 - Уведомление за 3 дня успешно отправлено пользователю 824247037
2026-04-19 09:09:43.507 | SUCCESS  | apps.bot.telegram_api_message:send_success_notification_telegram_message:70 - Saved successfully! sub user.last_message_id=15986 message_id=15986
2026-04-19 09:09:43.511 | SUCCESS  | apps.bot.management.commands.notification:worker:56 - Уведомление за 3 дня успешно отправлено пользователю 1651005170
2026-04-19 10:19:21.967 | ERROR    | apps.bot.telegram_api_message:send_success_notification_telegram_message:67 - Ошибка при удалении предыдущего сообщения: A request to the Telegram API was unsuccessful. Error code: 400. Description: Bad Request: message can't be deleted for everyone
2026-04-19 10:19:21.969 | SUCCESS  | apps.bot.telegram_api_message:send_success_notification_telegram_message:70 - Saved successfully! sub user.last_message_id=15997 message_id=15997
2026-04-19 10:19:21.969 | SUCCESS  | apps.bot.management.commands.notification:worker:82 - Уведомление за 1 час успешно отправлено пользователю 1357563828
2026-04-19 10:59:24.578 | ERROR    | apps.bot.telegram_api_message:send_success_notification_telegram_message:67 - Ошибка при удалении предыдущего сообщения: A request to the Telegram API was unsuccessful. Error code: 400. Description: Bad Request: message can't be deleted for everyone
2026-04-19 10:59:24.580 | SUCCESS  | apps.bot.telegram_api_message:send_success_notification_telegram_message:70 - Saved successfully! sub user.last_message_id=16014 message_id=16014
2026-04-19 10:59:24.581 | SUCCESS  | apps.bot.management.commands.notification:worker:82 - Уведомление за 1 час успешно отправлено пользователю 1303430775
2026-04-19 11:09:28.846 | SUCCESS  | apps.bot.telegram_api_message:send_success_notification_telegram_message:70 - Saved successfully! sub user.last_message_id=16016 message_id=16016
2026-04-19 11:09:28.846 | SUCCESS  | apps.bot.management.commands.notification:worker:82 - Уведомление за 1 час успешно отправлено пользователю 1273505477
2026-04-19 11:43:33.101 | INFO     | apps.bot.management.commands.notification:worker:88 - Пользователь 1303430775 подписка закончилась!
2026-04-19 11:43:33.105 | INFO     | apps.bot.management.commands.notification:worker:96 - pyment_last=<Payment: Payment object (835)>
2026-04-19 11:59:33.163 | ERROR    | apps.bot.telegram_api_message:send_success_notification_telegram_message:67 - Ошибка при удалении предыдущего сообщения: A request to the Telegram API was unsuccessful. Error code: 400. Description: Bad Request: message can't be deleted for everyone
2026-04-19 12:05:51.046 | SUCCESS  | apps.bot.telegram_api_message:send_success_notification_telegram_message:70 - Saved successfully! sub user.last_message_id=16026 message_id=16026
2026-04-19 12:05:51.046 | SUCCESS  | apps.bot.management.commands.notification:worker:123 - Уведомление об окончании подписки успешно отправлено пользователю 1303430775
2026-04-19 12:06:51.175 | INFO     | apps.bot.management.commands.notification:worker:88 - Пользователь 1303430775 подписка закончилась!
2026-04-19 12:06:51.177 | INFO     | apps.bot.management.commands.notification:worker:96 - pyment_last=<Payment: Payment object (1040)>
2026-04-19 12:06:54.578 | SUCCESS  | apps.bot.telegram_api_message:send_success_notification_telegram_message:70 - Saved successfully! sub user.last_message_id=16035 message_id=16035
2026-04-19 12:06:54.579 | SUCCESS  | apps.bot.management.commands.notification:worker:123 - Уведомление об окончании подписки успешно отправлено пользователю 1303430775
2026-04-19 12:09:55.004 | INFO     | apps.bot.management.commands.notification:worker:88 - Пользователь 1273505477 подписка закончилась!
2026-04-19 12:09:55.005 | INFO     | apps.bot.management.commands.notification:worker:96 - pyment_last=<Payment: Payment object (1035)>
2026-04-19 12:09:58.225 | ERROR    | apps.bot.telegram_api_message:send_success_notification_telegram_message:67 - Ошибка при удалении предыдущего сообщения: A request to the Telegram API was unsuccessful. Error code: 400. Description: Bad Request: message to delete not found
2026-04-19 12:09:58.227 | SUCCESS  | apps.bot.telegram_api_message:send_success_notification_telegram_message:70 - Saved successfully! sub user.last_message_id=16036 message_id=16036
2026-04-19 12:09:58.228 | SUCCESS  | apps.bot.management.commands.notification:worker:123 - Уведомление об окончании подписки успешно отправлено пользователю 1273505477
2026-04-19 18:40:32.240 | ERROR    | apps.bot.telegram_api_message:send_success_notification_telegram_message:67 - Ошибка при удалении предыдущего сообщения: A request to the Telegram API was unsuccessful. Error code: 400. Description: Bad Request: message can't be deleted for everyone
2026-04-19 18:40:32.244 | SUCCESS  | apps.bot.telegram_api_message:send_success_notification_telegram_message:70 - Saved successfully! sub user.last_message_id=16086 message_id=16086
2026-04-19 18:40:32.244 | SUCCESS  | apps.bot.management.commands.notification:worker:56 - Уведомление за 3 дня успешно отправлено пользователю 250272365
2026-04-19 18:40:32.270 | INFO     | apps.bot.management.commands.notification:worker:88 - Пользователь 1994170026 подписка закончилась!
2026-04-19 18:40:32.272 | INFO     | apps.bot.management.commands.notification:worker:96 - pyment_last=<Payment: Payment object (843)>
2026-04-19 18:40:35.782 | ERROR    | apps.bot.telegram_api_message:send_success_notification_telegram_message:67 - Ошибка при удалении предыдущего сообщения: A request to the Telegram API was unsuccessful. Error code: 400. Description: Bad Request: message can't be deleted for everyone
2026-04-19 18:40:35.784 | SUCCESS  | apps.bot.telegram_api_message:send_success_notification_telegram_message:70 - Saved successfully! sub user.last_message_id=16087 message_id=16087
2026-04-19 18:40:35.784 | SUCCESS  | apps.bot.management.commands.notification:worker:123 - Уведомление об окончании подписки успешно отправлено пользователю 1994170026
2026-04-19 18:40:38.894 | SUCCESS  | apps.bot.telegram_api_message:send_success_notification_telegram_message:70 - Saved successfully! sub user.last_message_id=16088 message_id=16088
2026-04-19 18:40:38.894 | SUCCESS  | apps.bot.management.commands.notification:worker:56 - Уведомление за 3 дня успешно отправлено пользователю 627960214
2026-04-19 18:40:41.988 | ERROR    | apps.bot.telegram_api_message:send_success_notification_telegram_message:67 - Ошибка при удалении предыдущего сообщения: A request to the Telegram API was unsuccessful. Error code: 400. Description: Bad Request: message can't be deleted for everyone
2026-04-19 18:40:41.990 | SUCCESS  | apps.bot.telegram_api_message:send_success_notification_telegram_message:70 - Saved successfully! sub user.last_message_id=16089 message_id=16089
2026-04-19 18:40:41.990 | SUCCESS  | apps.bot.management.commands.notification:worker:69 - Уведомление за 1 день успешно отправлено пользователю 2091792134
2026-04-19 18:40:45.084 | ERROR    | apps.bot.telegram_api_message:send_success_notification_telegram_message:67 - Ошибка при удалении предыдущего сообщения: A request to the Telegram API was unsuccessful. Error code: 400. Description: Bad Request: message can't be deleted for everyone
2026-04-19 18:40:45.086 | SUCCESS  | apps.bot.telegram_api_message:send_success_notification_telegram_message:70 - Saved successfully! sub user.last_message_id=16090 message_id=16090
2026-04-19 18:40:45.086 | SUCCESS  | apps.bot.management.commands.notification:worker:69 - Уведомление за 1 день успешно отправлено пользователю 7410390909
2026-04-19 19:37:51.393 | ERROR    | apps.bot.telegram_api_message:send_success_notification_telegram_message:67 - Ошибка при удалении предыдущего сообщения: A request to the Telegram API was unsuccessful. Error code: 400. Description: Bad Request: message to delete not found
2026-04-19 19:37:51.396 | SUCCESS  | apps.bot.telegram_api_message:send_success_notification_telegram_message:70 - Saved successfully! sub user.last_message_id=16092 message_id=16092
2026-04-19 19:37:51.396 | SUCCESS  | apps.bot.management.commands.notification:worker:82 - Уведомление за 1 час успешно отправлено пользователю 761235867
2026-04-19 20:32:14.141 | ERROR    | apps.bot.telegram_api_message:send_success_notification_telegram_message:67 - Ошибка при удалении предыдущего сообщения: A request to the Telegram API was unsuccessful. Error code: 400. Description: Bad Request: message to delete not found
2026-04-19 20:37:14.250 | SUCCESS  | apps.bot.telegram_api_message:send_success_notification_telegram_message:70 - Saved successfully! sub user.last_message_id=16110 message_id=16110
2026-04-19 20:37:14.250 | SUCCESS  | apps.bot.management.commands.notification:worker:56 - Уведомление за 3 дня успешно отправлено пользователю 885109922
2026-04-19 20:37:37.503 | SUCCESS  | apps.bot.telegram_api_message:send_success_notification_telegram_message:70 - Saved successfully! sub user.last_message_id=16121 message_id=16121
2026-04-19 20:37:37.503 | SUCCESS  | apps.bot.management.commands.notification:worker:56 - Уведомление за 3 дня успешно отправлено пользователю 885109922
2026-04-19 20:37:37.609 | INFO     | apps.bot.management.commands.notification:worker:88 - Пользователь 761235867 подписка закончилась!
2026-04-19 20:37:37.610 | INFO     | apps.bot.management.commands.notification:worker:96 - pyment_last=<Payment: Payment object (1044)>
2026-04-19 20:37:40.893 | ERROR    | apps.bot.telegram_api_message:send_success_notification_telegram_message:67 - Ошибка при удалении предыдущего сообщения: A request to the Telegram API was unsuccessful. Error code: 400. Description: Bad Request: message to delete not found
2026-04-19 20:37:40.895 | SUCCESS  | apps.bot.telegram_api_message:send_success_notification_telegram_message:70 - Saved successfully! sub user.last_message_id=16122 message_id=16122
2026-04-19 20:37:40.895 | SUCCESS  | apps.bot.management.commands.notification:worker:123 - Уведомление об окончании подписки успешно отправлено пользователю 761235867
2026-04-19 20:53:50.431 | ERROR    | apps.bot.telegram_api_message:send_success_notification_telegram_message:67 - Ошибка при удалении предыдущего сообщения: A request to the Telegram API was unsuccessful. Error code: 400. Description: Bad Request: message can't be deleted for everyone
2026-04-19 20:53:50.433 | SUCCESS  | apps.bot.telegram_api_message:send_success_notification_telegram_message:70 - Saved successfully! sub user.last_message_id=16131 message_id=16131
2026-04-19 20:53:50.433 | SUCCESS  | apps.bot.management.commands.notification:worker:56 - Уведомление за 3 дня успешно отправлено пользователю 971453479
2026-04-19 22:36:41.081 | ERROR    | apps.bot.telegram_api_message:send_success_notification_telegram_message:67 - Ошибка при удалении предыдущего сообщения: A request to the Telegram API was unsuccessful. Error code: 400. Description: Bad Request: message can't be deleted for everyone
2026-04-19 22:36:41.084 | SUCCESS  | apps.bot.telegram_api_message:send_success_notification_telegram_message:70 - Saved successfully! sub user.last_message_id=16132 message_id=16132
2026-04-19 22:36:41.084 | SUCCESS  | apps.bot.management.commands.notification:worker:56 - Уведомление за 3 дня успешно отправлено пользователю 5897808561
2026-04-19 23:12:31.501 | ERROR    | apps.bot.telegram_api_message:send_success_notification_telegram_message:67 - Ошибка при удалении предыдущего сообщения: A request to the Telegram API was unsuccessful. Error code: 400. Description: Bad Request: message can't be deleted for everyone
2026-04-19 23:12:31.503 | SUCCESS  | apps.bot.telegram_api_message:send_success_notification_telegram_message:70 - Saved successfully! sub user.last_message_id=16144 message_id=16144
2026-04-19 23:12:31.503 | SUCCESS  | apps.bot.management.commands.notification:worker:69 - Уведомление за 1 день успешно отправлено пользователю 5641490762
2026-04-20 11:24:24.839 | ERROR    | apps.bot.telegram_api_message:send_success_notification_telegram_message:67 - Ошибка при удалении предыдущего сообщения: A request to the Telegram API was unsuccessful. Error code: 400. Description: Bad Request: message can't be deleted for everyone
2026-04-20 11:24:24.841 | SUCCESS  | apps.bot.telegram_api_message:send_success_notification_telegram_message:70 - Saved successfully! sub user.last_message_id=16158 message_id=16158
2026-04-20 11:24:24.841 | SUCCESS  | apps.bot.management.commands.notification:worker:56 - Уведомление за 3 дня успешно отправлено пользователю 1096521672
2026-04-20 11:25:08.247 | ERROR    | apps.bot.telegram_api_message:send_success_notification_telegram_message:67 - Ошибка при удалении предыдущего сообщения: A request to the Telegram API was unsuccessful. Error code: 400. Description: Bad Request: message can't be deleted for everyone
2026-04-20 11:25:08.250 | SUCCESS  | apps.bot.telegram_api_message:send_success_notification_telegram_message:70 - Saved successfully! sub user.last_message_id=16159 message_id=16159
2026-04-20 11:25:08.250 | SUCCESS  | apps.bot.management.commands.notification:worker:82 - Уведомление за 1 час успешно отправлено пользователю 444338410
2026-04-20 12:24:50.046 | INFO     | apps.bot.management.commands.notification:worker:88 - Пользователь 444338410 подписка закончилась!
2026-04-20 12:24:50.049 | INFO     | apps.bot.management.commands.notification:worker:96 - pyment_last=<Payment: Payment object (848)>
2026-04-20 12:40:52.301 | ERROR    | apps.bot.telegram_api_message:send_success_notification_telegram_message:67 - Ошибка при удалении предыдущего сообщения: A request to the Telegram API was unsuccessful. Error code: 400. Description: Bad Request: message can't be deleted for everyone
2026-04-20 12:40:52.305 | SUCCESS  | apps.bot.telegram_api_message:send_success_notification_telegram_message:70 - Saved successfully! sub user.last_message_id=16160 message_id=16160
2026-04-20 12:40:52.305 | SUCCESS  | apps.bot.management.commands.notification:worker:123 - Уведомление об окончании подписки успешно отправлено пользователю 444338410
2026-04-20 13:51:47.980 | SUCCESS  | apps.bot.telegram_api_message:send_success_notification_telegram_message:70 - Saved successfully! sub user.last_message_id=16168 message_id=16168
2026-04-20 13:51:47.981 | SUCCESS  | apps.bot.management.commands.notification:worker:69 - Уведомление за 1 день успешно отправлено пользователю 1345339116
2026-04-20 14:40:24.299 | ERROR    | apps.bot.telegram_api_message:send_success_notification_telegram_message:67 - Ошибка при удалении предыдущего сообщения: A request to the Telegram API was unsuccessful. Error code: 400. Description: Bad Request: message can't be deleted for everyone
2026-04-20 14:40:24.302 | SUCCESS  | apps.bot.telegram_api_message:send_success_notification_telegram_message:70 - Saved successfully! sub user.last_message_id=16169 message_id=16169
2026-04-20 14:40:24.302 | SUCCESS  | apps.bot.management.commands.notification:worker:69 - Уведомление за 1 день успешно отправлено пользователю 1145314574
2026-04-20 14:41:07.730 | ERROR    | apps.bot.telegram_api_message:send_success_notification_telegram_message:67 - Ошибка при удалении предыдущего сообщения: A request to the Telegram API was unsuccessful. Error code: 400. Description: Bad Request: message can't be deleted for everyone
2026-04-20 14:41:07.731 | SUCCESS  | apps.bot.telegram_api_message:send_success_notification_telegram_message:70 - Saved successfully! sub user.last_message_id=16170 message_id=16170
2026-04-20 14:41:07.731 | SUCCESS  | apps.bot.management.commands.notification:worker:56 - Уведомление за 3 дня успешно отправлено пользователю 1010083275
2026-04-20 15:43:45.421 | ERROR    | apps.bot.telegram_api_message:send_success_notification_telegram_message:67 - Ошибка при удалении предыдущего сообщения: A request to the Telegram API was unsuccessful. Error code: 400. Description: Bad Request: message can't be deleted for everyone
2026-04-20 15:43:45.423 | SUCCESS  | apps.bot.telegram_api_message:send_success_notification_telegram_message:70 - Saved successfully! sub user.last_message_id=16186 message_id=16186
2026-04-20 15:43:45.423 | SUCCESS  | apps.bot.management.commands.notification:worker:82 - Уведомление за 1 час успешно отправлено пользователю 7410390909
2026-04-20 15:44:08.587 | ERROR    | apps.bot.telegram_api_message:send_success_notification_telegram_message:67 - Ошибка при удалении предыдущего сообщения: A request to the Telegram API was unsuccessful. Error code: 400. Description: Bad Request: message can't be deleted for everyone
2026-04-20 15:44:08.589 | SUCCESS  | apps.bot.telegram_api_message:send_success_notification_telegram_message:70 - Saved successfully! sub user.last_message_id=16187 message_id=16187
2026-04-20 15:44:08.589 | SUCCESS  | apps.bot.management.commands.notification:worker:69 - Уведомление за 1 день успешно отправлено пользователю 8014021557
2026-04-20 16:27:40.897 | INFO     | apps.bot.management.commands.notification:worker:88 - Пользователь 7410390909 подписка закончилась!
2026-04-20 16:27:40.899 | INFO     | apps.bot.management.commands.notification:worker:96 - pyment_last=<Payment: Payment object (1026)>
2026-04-20 16:27:44.499 | ERROR    | apps.bot.telegram_api_message:send_success_notification_telegram_message:67 - Ошибка при удалении предыдущего сообщения: A request to the Telegram API was unsuccessful. Error code: 400. Description: Bad Request: message can't be deleted for everyone
2026-04-20 16:27:44.501 | SUCCESS  | apps.bot.telegram_api_message:send_success_notification_telegram_message:70 - Saved successfully! sub user.last_message_id=16188 message_id=16188
2026-04-20 16:27:44.501 | SUCCESS  | apps.bot.management.commands.notification:worker:123 - Уведомление об окончании подписки успешно отправлено пользователю 7410390909
2026-04-20 16:31:28.600 | ERROR    | apps.bot.telegram_api_message:send_success_notification_telegram_message:67 - Ошибка при удалении предыдущего сообщения: A request to the Telegram API was unsuccessful. Error code: 400. Description: Bad Request: message can't be deleted for everyone
2026-04-20 16:31:28.602 | SUCCESS  | apps.bot.telegram_api_message:send_success_notification_telegram_message:70 - Saved successfully! sub user.last_message_id=16189 message_id=16189
2026-04-20 16:31:28.602 | SUCCESS  | apps.bot.management.commands.notification:worker:82 - Уведомление за 1 час успешно отправлено пользователю 2091792134
2026-04-20 17:05:35.550 | ERROR    | apps.bot.telegram_api_message:send_success_notification_telegram_message:67 - Ошибка при удалении предыдущего сообщения: A request to the Telegram API was unsuccessful. Error code: 400. Description: Bad Request: message can't be deleted for everyone
2026-04-20 17:05:35.552 | SUCCESS  | apps.bot.telegram_api_message:send_success_notification_telegram_message:70 - Saved successfully! sub user.last_message_id=16191 message_id=16191
2026-04-20 17:05:35.552 | SUCCESS  | apps.bot.management.commands.notification:worker:69 - Уведомление за 1 день успешно отправлено пользователю 1837701505
2026-04-20 17:31:44.005 | INFO     | apps.bot.management.commands.notification:worker:88 - Пользователь 2091792134 подписка закончилась!
2026-04-20 17:31:44.007 | INFO     | apps.bot.management.commands.notification:worker:96 - pyment_last=<Payment: Payment object (851)>
2026-04-20 17:47:45.783 | ERROR    | apps.bot.telegram_api_message:send_success_notification_telegram_message:67 - Ошибка при удалении предыдущего сообщения: A request to the Telegram API was unsuccessful. Error code: 400. Description: Bad Request: message can't be deleted for everyone
2026-04-20 17:47:45.784 | SUCCESS  | apps.bot.telegram_api_message:send_success_notification_telegram_message:70 - Saved successfully! sub user.last_message_id=16224 message_id=16224
2026-04-20 17:47:45.784 | SUCCESS  | apps.bot.management.commands.notification:worker:123 - Уведомление об окончании подписки успешно отправлено пользователю 2091792134
2026-04-20 18:17:35.997 | ERROR    | apps.bot.telegram_api_message:send_success_notification_telegram_message:67 - Ошибка при удалении предыдущего сообщения: A request to the Telegram API was unsuccessful. Error code: 400. Description: Bad Request: message to delete not found
2026-04-20 18:17:35.998 | SUCCESS  | apps.bot.telegram_api_message:send_success_notification_telegram_message:70 - Saved successfully! sub user.last_message_id=16226 message_id=16226
2026-04-20 18:17:35.998 | SUCCESS  | apps.bot.management.commands.notification:worker:69 - Уведомление за 1 день успешно отправлено пользователю 920205258
2026-04-20 21:51:57.209 | ERROR    | apps.bot.telegram_api_message:send_success_notification_telegram_message:67 - Ошибка при удалении предыдущего сообщения: A request to the Telegram API was unsuccessful. Error code: 400. Description: Bad Request: message can't be deleted for everyone
2026-04-20 21:51:57.212 | SUCCESS  | apps.bot.telegram_api_message:send_success_notification_telegram_message:70 - Saved successfully! sub user.last_message_id=16230 message_id=16230
2026-04-20 21:51:57.212 | SUCCESS  | apps.bot.management.commands.notification:worker:56 - Уведомление за 3 дня успешно отправлено пользователю 8042828357
2026-04-20 21:56:42.358 | ERROR    | apps.bot.telegram_api_message:send_success_notification_telegram_message:67 - Ошибка при удалении предыдущего сообщения: A request to the Telegram API was unsuccessful. Error code: 400. Description: Bad Request: message can't be deleted for everyone
2026-04-20 21:56:42.359 | SUCCESS  | apps.bot.telegram_api_message:send_success_notification_telegram_message:70 - Saved successfully! sub user.last_message_id=16231 message_id=16231
2026-04-20 21:56:42.360 | SUCCESS  | apps.bot.management.commands.notification:worker:82 - Уведомление за 1 час успешно отправлено пользователю 5641490762
2026-04-20 22:56:29.110 | INFO     | apps.bot.management.commands.notification:worker:88 - Пользователь 5641490762 подписка закончилась!
2026-04-20 22:56:29.111 | INFO     | apps.bot.management.commands.notification:worker:96 - pyment_last=<Payment: Payment object (852)>
2026-04-20 22:56:39.445 | SUCCESS  | apps.bot.telegram_api_message:send_success_notification_telegram_message:70 - Saved successfully! sub user.last_message_id=16234 message_id=16234
2026-04-20 22:56:39.445 | SUCCESS  | apps.bot.management.commands.notification:worker:123 - Уведомление об окончании подписки успешно отправлено пользователю 5641490762
2026-04-20 23:11:08.778 | ERROR    | apps.bot.telegram_api_message:send_success_notification_telegram_message:67 - Ошибка при удалении предыдущего сообщения: A request to the Telegram API was unsuccessful. Error code: 400. Description: Bad Request: message can't be deleted for everyone
2026-04-20 23:11:08.780 | SUCCESS  | apps.bot.telegram_api_message:send_success_notification_telegram_message:70 - Saved successfully! sub user.last_message_id=16235 message_id=16235
2026-04-20 23:11:08.781 | SUCCESS  | apps.bot.management.commands.notification:worker:69 - Уведомление за 1 день успешно отправлено пользователю 1426716829
2026-04-21 02:25:14.052 | ERROR    | apps.bot.telegram_api_message:send_success_notification_telegram_message:67 - Ошибка при удалении предыдущего сообщения: A request to the Telegram API was unsuccessful. Error code: 400. Description: Bad Request: message can't be deleted for everyone
2026-04-21 02:25:14.054 | SUCCESS  | apps.bot.telegram_api_message:send_success_notification_telegram_message:70 - Saved successfully! sub user.last_message_id=16265 message_id=16265
2026-04-21 02:25:14.054 | SUCCESS  | apps.bot.management.commands.notification:worker:69 - Уведомление за 1 день успешно отправлено пользователю 824247037
2026-04-21 09:09:46.357 | SUCCESS  | apps.bot.telegram_api_message:send_success_notification_telegram_message:70 - Saved successfully! sub user.last_message_id=16266 message_id=16266
2026-04-21 09:09:46.358 | SUCCESS  | apps.bot.management.commands.notification:worker:69 - Уведомление за 1 день успешно отправлено пользователю 1651005170
