Обновление от пользователя 6424595615 (username: Dmitriy_prog): /start

Обновление от пользователя None (username: None): None

Обновление от пользователя None (username: None): None

Обновление от пользователя 809798502 (username: Dmitry_Alekseevich_A): /start

Обновление от пользователя None (username: None): None

Обновление от пользователя None (username: None): None

Обновление от пользователя None (username: None): None

Обновление от пользователя None (username: None): None

Обновление от пользователя None (username: None): None

Обновление от пользователя None (username: None): None

Обновление от пользователя None (username: None): None

Обновление от пользователя None (username: None): None

Обновление от пользователя None (username: None): None

Обновление от пользователя 6424595615 (username: Dmitriy_prog): /start

Обновление от пользователя None (username: None): None

Обновление от пользователя None (username: None): None

Обновление от пользователя None (username: None): None

Обновление от пользователя 1202093251 (username: Ins1diousSs): /start

Обновление от пользователя 1173681601 (username: B74628): /start

Обновление от пользователя None (username: None): None

Обновление от пользователя 1816135008 (username: dhdhyx): /start

Обновление от пользователя None (username: None): None

Обновление от пользователя None (username: None): None

Обновление от пользователя None (username: None): None

Обновление от пользователя None (username: None): None

Обновление от пользователя None (username: None): None

Обновление от пользователя None (username: None): None

Обновление от пользователя None (username: None): None

Обновление от пользователя None (username: None): None

Обновление от пользователя None (username: None): None

Обновление от пользователя None (username: None): None

Обновление от пользователя None (username: None): None

Обновление от пользователя None (username: None): None

Обновление от пользователя None (username: None): None

Обновление от пользователя None (username: None): None

Обновление от пользователя None (username: None): None

Обновление от пользователя None (username: None): None

Обновление от пользователя None (username: None): None

Обновление от пользователя 6475623209 (username: nut_taa): /start

Обновление от пользователя None (username: None): None

Обновление от пользователя 947854420 (username: tagmeno): /start

Обновление от пользователя 6424595615 (username: Dmitriy_prog): /start

Обновление от пользователя None (username: None): None

Обновление от пользователя None (username: None): None

Обновление от пользователя None (username: None): None

Обновление от пользователя None (username: None): None

Обновление от пользователя 1036207224 (username: Andrey_RRte): /start

Обновление от пользователя 760022389 (username: matsuk0_0): /start

Обновление от пользователя None (username: None): None

Обновление от пользователя None (username: None): None

Обновление от пользователя None (username: None): None

Обновление от пользователя None (username: None): None

Обновление от пользователя None (username: None): None

Обновление от пользователя None (username: None): None

Обновление от пользователя 6424595615 (username: Dmitriy_prog): /start

Обновление от пользователя None (username: None): None

Обновление от пользователя None (username: None): None

Обновление от пользователя None (username: None): None

Обновление от пользователя None (username: None): None

Обновление от пользователя 947854420 (username: tagmeno): /start

Обновление от пользователя None (username: None): None

Обновление от пользователя None (username: None): None

Обновление от пользователя None (username: None): None

Обновление от пользователя 947854420 (username: tagmeno): /start

Обновление от пользователя None (username: None): None

Обновление от пользователя None (username: None): None

Обновление от пользователя None (username: None): None

Обновление от пользователя 947854420 (username: tagmeno): /start

Обновление от пользователя None (username: None): None

Обновление от пользователя None (username: None): None

Обновление от пользователя None (username: None): None

Обновление от пользователя None (username: None): None

Обновление от пользователя None (username: None): None

Обновление от пользователя None (username: None): None

Обновление от пользователя 947854420 (username: tagmeno): /start

Обновление от пользователя None (username: None): None

Обновление от пользователя None (username: None): None

Обновление от пользователя None (username: None): None

Обновление от пользователя None (username: None): None

Обновление от пользователя None (username: None): None

Обновление от пользователя 802754690 (username: nekroporsche): /start

Обновление от пользователя 728363087 (username: vetttmo): /start

Обновление от пользователя None (username: None): None

Обновление от пользователя None (username: None): None

Обновление от пользователя None (username: None): None

Обновление от пользователя 1803599890 (username: dyshhnaya): /start

Обновление от пользователя None (username: None): None

Обновление от пользователя None (username: None): None

Обновление от пользователя None (username: None): None

Обновление от пользователя None (username: None): None

Обновление от пользователя None (username: None): None

Обновление от пользователя 1056612962 (username: olegborisych): /start

Обновление от пользователя None (username: None): None

Обновление от пользователя None (username: None): None

Обновление от пользователя None (username: None): None

Обновление от пользователя None (username: None): None

Обновление от пользователя None (username: None): None

Обновление от пользователя 1763024800 (username: lososim): /start

Обновление от пользователя 6424595615 (username: Dmitriy_prog): /start

Обновление от пользователя None (username: None): None

Обновление от пользователя None (username: None): None

Обновление от пользователя None (username: None): None

Обновление от пользователя None (username: None): None

Обновление от пользователя None (username: None): None

Обновление от пользователя None (username: None): None

Обновление от пользователя 810232791 (username: TatachkaA): /start

Обновление от пользователя None (username: None): None

Обновление от пользователя None (username: None): None

Обновление от пользователя None (username: None): None

Обновление от пользователя None (username: None): None

Обновление от пользователя 810232791 (username: TatachkaA): /start

Обновление от пользователя None (username: None): None

Обновление от пользователя None (username: None): None

Обновление от пользователя 643754841 (username: Afonya1987): /start

Обновление от пользователя None (username: None): None

Обновление от пользователя None (username: None): None

Обновление от пользователя 6424595615 (username: Dmitriy_prog): /start

Обновление от пользователя None (username: None): None

Обновление от пользователя None (username: None): None

Обновление от пользователя None (username: None): None

Обновление от пользователя None (username: None): None

Обновление от пользователя None (username: None): None

Обновление от пользователя None (username: None): None

Обновление от пользователя None (username: None): None

Обновление от пользователя None (username: None): None

Обновление от пользователя 252211550 (username: None): /start

Обновление от пользователя None (username: None): None

Обновление от пользователя None (username: None): None

Обновление от пользователя 252211550 (username: None): /start

Обновление от пользователя None (username: None): None

Обновление от пользователя 252211550 (username: None): vless://44e7876f-476f-4890-b550-447f249f00c6@fr2.xraygopaydonat1.ru:52943?type=tcp&security=reality&pbk=wsAv-VnfkjRiaBOPSjLGryqvSzbYo97QVWovu8lg7kE&fp=chrome&sni=yahoo.com&sid=3cd1cd00df8cc0&spx=%2F&flow=xtls-rprx-vision#W%20VPN%20Plus-252211550

Обновление от пользователя None (username: None): None

Обновление от пользователя None (username: None): None

Обновление от пользователя None (username: None): None

Обновление от пользователя None (username: None): None

Обновление от пользователя None (username: None): None

Обновление от пользователя None (username: None): None

Обновление от пользователя None (username: None): None

Обновление от пользователя None (username: None): None

Обновление от пользователя None (username: None): None

Обновление от пользователя None (username: None): None

Обновление от пользователя None (username: None): None

Обновление от пользователя None (username: None): None

Обновление от пользователя None (username: None): None

Обновление от пользователя None (username: None): None

Обновление от пользователя None (username: None): None

Обновление от пользователя None (username: None): None

Обновление от пользователя None (username: None): None

Обновление от пользователя None (username: None): None

Обновление от пользователя None (username: None): None

Обновление от пользователя None (username: None): None

Обновление от пользователя None (username: None): None

Обновление от пользователя None (username: None): None

Обновление от пользователя None (username: None): None

Обновление от пользователя None (username: None): None

Обновление от пользователя None (username: None): None

Обновление от пользователя None (username: None): None

Обновление от пользователя None (username: None): None

Произошла ошибка: ('Connection aborted.', ConnectionResetError(104, 'Connection reset by peer'))
Обновление от пользователя 1303430775 (username: issuesgr): /start

Обновление от пользователя None (username: None): None

Обновление от пользователя 2049645329 (username: Sofika_PP): /start

Обновление от пользователя None (username: None): None

Обновление от пользователя 2049645329 (username: Sofika_PP): vless://44e7876f-476f-4890-b550-447f249f00c6@fr2.xraygopaydonat1.ru:52943?type=tcp&security=reality&pbk=wsAv-VnfkjRiaBOPSjLGryqvSzbYo97QVWovu8lg7kE&fp=chrome&sni=yahoo.com&sid=3cd1cd00df8cc0&spx=%2F&flow=xtls-rprx-vision#W%20VPN%20Plus-252211550

Обновление от пользователя None (username: None): None

Обновление от пользователя None (username: None): None

Обновление от пользователя 6965347601 (username: None): /start

Обновление от пользователя None (username: None): None

Обновление от пользователя 686015501 (username: realpsix576): /start

Обновление от пользователя None (username: None): None

Обновление от пользователя None (username: None): None

Обновление от пользователя None (username: None): None

Обновление от пользователя None (username: None): None

Обновление от пользователя None (username: None): None

Обновление от пользователя None (username: None): None

Обновление от пользователя None (username: None): None

Обновление от пользователя 6481582155 (username: XOLDAY1): /start

Обновление от пользователя None (username: None): None

Обновление от пользователя None (username: None): None

Обновление от пользователя None (username: None): None

Обновление от пользователя None (username: None): None

Обновление от пользователя None (username: None): None

Обновление от пользователя None (username: None): None

Обновление от пользователя None (username: None): None

Произошла ошибка: HTTPSConnectionPool(host='api.telegram.org', port=443): Max retries exceeded with url: /bot8172832353:AAF3OEvw5uwm36KdezaO2oy3eEwtE02AclY/getUpdates?offset=778461194&timeout=30 (Caused by NameResolutionError("<urllib3.connection.HTTPSConnection object at 0x789ef119d580>: Failed to resolve 'api.telegram.org' ([Errno -3] Temporary failure in name resolution)"))
