2026-04-01 09:59:50.599 | SUCCESS  | apps.bot.management.commands.bot:long_polling:142 - Обновление от user_id=6424595615
data=profile ⚙️ Профиль

2026-04-01 09:59:51.773 | SUCCESS  | apps.bot.management.commands.bot:long_polling:142 - Обновление от user_id=6424595615
data=main_menu ⬅️ Назад

2026-04-01 10:02:45.894 | SUCCESS  | apps.bot.management.commands.bot:long_polling:142 - Обновление от user_id=6424595615
data=profile ⚙️ Профиль

2026-04-01 10:02:46.760 | SUCCESS  | apps.bot.management.commands.bot:long_polling:142 - Обновление от user_id=6424595615
data=main_menu ⬅️ Назад

2026-04-01 10:02:52.251 | SUCCESS  | apps.bot.management.commands.bot:long_polling:142 - Обновление от user_id=6424595615
data=subscription 💳 Подписка

2026-04-01 10:02:53.161 | SUCCESS  | apps.bot.management.commands.bot:long_polling:142 - Обновление от user_id=6424595615
data=main_menu ⬅️ Назад

2026-04-01 10:02:54.968 | SUCCESS  | apps.bot.management.commands.bot:long_polling:142 - Обновление от user_id=6424595615
data=main_menu ⬅️ Назад

2026-04-01 10:53:49.103 | SUCCESS  | apps.bot.management.commands.bot:long_polling:142 - Обновление от user_id=6424595615
data=profile ⚙️ Профиль

2026-04-01 10:53:49.175 | SUCCESS  | apps.bot.management.commands.bot:long_polling:142 - Обновление от user_id=6424595615
data=profile ⚙️ Профиль

2026-04-01 10:53:50.654 | SUCCESS  | apps.bot.management.commands.bot:long_polling:142 - Обновление от user_id=6424595615
data=main_menu ⬅️ Назад

2026-04-01 11:18:37.880 | SUCCESS  | apps.bot.management.commands.bot:long_polling:142 - Обновление от user_id=6424595615
data=profile ⚙️ Профиль

2026-04-01 11:18:39.107 | SUCCESS  | apps.bot.management.commands.bot:long_polling:142 - Обновление от user_id=6424595615
data=main_menu ⬅️ Назад

2026-04-01 11:18:40.434 | SUCCESS  | apps.bot.management.commands.bot:long_polling:142 - Обновление от user_id=6424595615
data=profile ⚙️ Профиль

2026-04-01 11:18:41.449 | SUCCESS  | apps.bot.management.commands.bot:long_polling:142 - Обновление от user_id=6424595615
data=main_menu ⬅️ Назад

2026-04-01 11:18:46.612 | SUCCESS  | apps.bot.management.commands.bot:long_polling:142 - Обновление от user_id=6424595615
data=profile ⚙️ Профиль

2026-04-01 11:18:51.206 | SUCCESS  | apps.bot.management.commands.bot:long_polling:142 - Обновление от user_id=6424595615
data=main_menu ⬅️ Назад

2026-04-01 11:18:54.267 | SUCCESS  | apps.bot.management.commands.bot:long_polling:142 - Обновление от user_id=6424595615
data=subscription 💳 Подписка

2026-04-01 11:18:55.219 | SUCCESS  | apps.bot.management.commands.bot:long_polling:142 - Обновление от user_id=6424595615
data=main_menu ⬅️ Назад

2026-04-01 11:18:57.471 | SUCCESS  | apps.bot.management.commands.bot:long_polling:142 - Обновление от user_id=6424595615
data=profile ⚙️ Профиль

2026-04-01 11:18:58.451 | SUCCESS  | apps.bot.management.commands.bot:long_polling:142 - Обновление от user_id=6424595615
data=main_menu ⬅️ Назад

2026-04-01 11:18:59.834 | SUCCESS  | apps.bot.management.commands.bot:long_polling:142 - Обновление от user_id=6424595615
data=subscription 💳 Подписка

2026-04-01 11:19:00.903 | SUCCESS  | apps.bot.management.commands.bot:long_polling:142 - Обновление от user_id=6424595615
data=main_menu ⬅️ Назад

2026-04-01 11:19:05.923 | SUCCESS  | apps.bot.management.commands.bot:long_polling:142 - Обновление от user_id=6424595615
data=subscription 💳 Подписка

2026-04-01 11:19:07.037 | SUCCESS  | apps.bot.management.commands.bot:long_polling:142 - Обновление от user_id=6424595615
data=main_menu ⬅️ Назад

2026-04-01 11:19:17.045 | SUCCESS  | apps.bot.management.commands.bot:long_polling:142 - Обновление от user_id=6424595615
data=subscription 💳 Подписка

2026-04-01 11:19:19.853 | SUCCESS  | apps.bot.management.commands.bot:long_polling:142 - Обновление от user_id=6424595615
data=main_menu ⬅️ Назад

2026-04-01 11:19:21.516 | SUCCESS  | apps.bot.management.commands.bot:long_polling:142 - Обновление от user_id=6424595615
data=profile ⚙️ Профиль

2026-04-01 11:19:22.372 | SUCCESS  | apps.bot.management.commands.bot:long_polling:142 - Обновление от user_id=6424595615
data=main_menu ⬅️ Назад

2026-04-01 11:19:23.619 | SUCCESS  | apps.bot.management.commands.bot:long_polling:142 - Обновление от user_id=6424595615
data=download ✅ Установка

2026-04-01 11:19:24.797 | SUCCESS  | apps.bot.management.commands.bot:long_polling:142 - Обновление от user_id=6424595615
data=main_menu ⬅️ Назад

2026-04-01 11:19:25.737 | SUCCESS  | apps.bot.management.commands.bot:long_polling:142 - Обновление от user_id=6424595615
data=free_sub 🎉 Пробный период

2026-04-01 11:19:26.903 | SUCCESS  | apps.bot.management.commands.bot:long_polling:142 - Обновление от user_id=6424595615
data=main_menu ⬅️ Назад

2026-04-01 11:19:28.050 | SUCCESS  | apps.bot.management.commands.bot:long_polling:142 - Обновление от user_id=6424595615
data=support_project ❤️ Поддержать

2026-04-01 11:19:28.864 | SUCCESS  | apps.bot.management.commands.bot:long_polling:142 - Обновление от user_id=6424595615
data=main_menu ⬅️ Назад

2026-04-01 11:28:26.319 | SUCCESS  | apps.bot.management.commands.bot:long_polling:142 - Обновление от user_id=6424595615
data=profile ⚙️ Профиль

2026-04-01 11:28:27.552 | SUCCESS  | apps.bot.management.commands.bot:long_polling:142 - Обновление от user_id=6424595615
data=main_menu ⬅️ Назад

2026-04-01 11:28:28.940 | SUCCESS  | apps.bot.management.commands.bot:long_polling:142 - Обновление от user_id=6424595615
data=main_menu ⬅️ Назад

2026-04-01 11:28:30.450 | SUCCESS  | apps.bot.management.commands.bot:long_polling:142 - Обновление от user_id=6424595615
data=main_menu ⬅️ Назад

2026-04-01 11:28:32.354 | SUCCESS  | apps.bot.management.commands.bot:long_polling:142 - Обновление от user_id=6424595615
data=profile ⚙️ Профиль

2026-04-01 11:28:36.757 | SUCCESS  | apps.bot.management.commands.bot:long_polling:142 - Обновление от user_id=6424595615
data=main_menu ⬅️ Назад

2026-04-01 11:28:40.521 | SUCCESS  | apps.bot.management.commands.bot:long_polling:142 - Обновление от user_id=6424595615
data=download ✅ Установка

2026-04-01 11:28:47.731 | SUCCESS  | apps.bot.management.commands.bot:long_polling:142 - Обновление от user_id=6424595615
data=main_menu ⬅️ Назад

2026-04-01 11:57:30.635 | SUCCESS  | apps.bot.management.commands.bot:long_polling:142 - Обновление от user_id=593372743
data=main_menu ⬅️ Назад

2026-04-01 12:58:17.218 | SUCCESS  | apps.bot.management.commands.bot:long_polling:142 - Обновление от user_id=6424595615
data=profile ⚙️ Профиль

2026-04-01 12:58:18.176 | SUCCESS  | apps.bot.management.commands.bot:long_polling:142 - Обновление от user_id=6424595615
data=main_menu ⬅️ Назад

2026-04-01 13:06:45.202 | SUCCESS  | apps.bot.management.commands.bot:long_polling:142 - Обновление от user_id=6424595615
data=free_sub 🎉 Пробный период

2026-04-01 13:06:46.266 | SUCCESS  | apps.bot.management.commands.bot:long_polling:142 - Обновление от user_id=6424595615
data=main_menu ⬅️ Назад

2026-04-01 13:53:24.333 | SUCCESS  | apps.bot.management.commands.bot:long_polling:142 - Обновление от user_id=2145144983
data=download ✅ Установка

2026-04-01 14:09:07.833 | SUCCESS  | apps.bot.management.commands.bot:long_polling:142 - Обновление от user_id=815616451
data=profile ⚙️ Профиль

2026-04-01 14:09:10.696 | SUCCESS  | apps.bot.management.commands.bot:long_polling:142 - Обновление от user_id=815616451
data=main_menu ⬅️ Назад

2026-04-01 14:14:50.445 | SUCCESS  | apps.bot.management.commands.bot:long_polling:142 - Обновление от user_id=799560158
data=subscription 💳 Подписка

2026-04-01 14:14:52.687 | SUCCESS  | apps.bot.management.commands.bot:long_polling:142 - Обновление от user_id=799560158
data=main_menu ⬅️ Назад

2026-04-01 14:14:55.506 | SUCCESS  | apps.bot.management.commands.bot:long_polling:142 - Обновление от user_id=799560158
data=profile ⚙️ Профиль

2026-04-01 14:37:04.146 | SUCCESS  | apps.bot.management.commands.bot:long_polling:142 - Обновление от user_id=6424595615
data=profile ⚙️ Профиль

2026-04-01 14:37:05.305 | SUCCESS  | apps.bot.management.commands.bot:long_polling:142 - Обновление от user_id=6424595615
data=main_menu ⬅️ Назад

2026-04-01 15:45:33.801 | SUCCESS  | apps.bot.management.commands.bot:long_polling:142 - Обновление от user_id=593372743
data=profile ⚙️ Профиль

2026-04-01 16:29:13.326 | SUCCESS  | apps.bot.management.commands.bot:long_polling:142 - Обновление от user_id=1719765833
data=download ✅ Установка

2026-04-01 16:42:05.383 | SUCCESS  | apps.bot.management.commands.bot:long_polling:142 - Обновление от user_id=1375205999
data=subscription 💳 Подписка

2026-04-01 16:42:24.735 | SUCCESS  | apps.bot.management.commands.bot:long_polling:142 - Обновление от user_id=6424595615
data=main_menu ⬅️ Назад

2026-04-01 16:42:31.567 | SUCCESS  | apps.bot.management.commands.bot:long_polling:142 - Обновление от user_id=6424595615
data=subscription 💳 Подписка

2026-04-01 16:42:33.562 | SUCCESS  | apps.bot.management.commands.bot:long_polling:142 - Обновление от user_id=6424595615
data=buy_sub 79 1 1 1 м | 1 устр.

2026-04-01 17:02:53.764 | SUCCESS  | apps.bot.management.commands.bot:long_polling:142 - Обновление от user_id=6424595615
data=main_menu ⬅️ Назад

2026-04-01 17:02:57.326 | SUCCESS  | apps.bot.management.commands.bot:long_polling:142 - Обновление от user_id=6424595615
data=main_menu ⬅️ Назад

2026-04-01 17:10:01.954 | SUCCESS  | apps.bot.management.commands.bot:long_polling:142 - Обновление от user_id=7243148022
data=subscription 💳 Подписка

2026-04-01 17:10:30.928 | SUCCESS  | apps.bot.management.commands.bot:long_polling:142 - Обновление от user_id=7243148022
data=main_menu ⬅️ Назад

2026-04-01 17:10:33.864 | SUCCESS  | apps.bot.management.commands.bot:long_polling:142 - Обновление от user_id=7243148022
data=profile ⚙️ Профиль

2026-04-01 17:32:00.523 | SUCCESS  | apps.bot.management.commands.bot:long_polling:142 - Обновление от user_id=6424595615
data=profile ⚙️ Профиль

2026-04-01 17:32:01.669 | SUCCESS  | apps.bot.management.commands.bot:long_polling:142 - Обновление от user_id=6424595615
data=main_menu ⬅️ Назад

2026-04-01 18:13:05.305 | SUCCESS  | apps.bot.management.commands.bot:long_polling:142 - Обновление от user_id=7243148022
data=main_menu ⬅️ Назад

2026-04-01 18:21:01.405 | SUCCESS  | apps.bot.management.commands.bot:long_polling:142 - Обновление от user_id=870370668
data=subscription 💳 Подписка

2026-04-01 18:21:05.292 | SUCCESS  | apps.bot.management.commands.bot:long_polling:142 - Обновление от user_id=870370668
data=main_menu ⬅️ Назад

2026-04-01 18:21:15.883 | SUCCESS  | apps.bot.management.commands.bot:long_polling:142 - Обновление от user_id=870370668
data=buy_sub 79 1 1 1 м | 1 устр.

2026-04-01 19:38:23.316 | SUCCESS  | apps.bot.management.commands.bot:long_polling:142 - Обновление от user_id=6424595615
data=profile ⚙️ Профиль

2026-04-01 19:38:24.826 | SUCCESS  | apps.bot.management.commands.bot:long_polling:142 - Обновление от user_id=6424595615
data=main_menu ⬅️ Назад

2026-04-01 19:38:26.858 | SUCCESS  | apps.bot.management.commands.bot:long_polling:142 - Обновление от user_id=6424595615
data=subscription 💳 Подписка

2026-04-01 19:38:27.823 | SUCCESS  | apps.bot.management.commands.bot:long_polling:142 - Обновление от user_id=6424595615
data=main_menu ⬅️ Назад

2026-04-01 20:59:28.763 | SUCCESS  | apps.bot.management.commands.bot:long_polling:142 - Обновление от user_id=5210679541
data=subscription 💳 Подписка

2026-04-01 23:24:00.213 | SUCCESS  | apps.bot.management.commands.bot:long_polling:142 - Обновление от user_id=548884968
data=free_sub 🎉 Пробный период

2026-04-01 23:24:15.114 | SUCCESS  | apps.bot.management.commands.bot:long_polling:142 - Обновление от user_id=548884968
data=free_sub 🎉 Пробный период

2026-04-01 23:30:50.717 | SUCCESS  | apps.bot.management.commands.bot:long_polling:142 - Обновление от user_id=6424595615
data=free_sub 🎉 Пробный период

2026-04-01 23:30:52.498 | SUCCESS  | apps.bot.management.commands.bot:long_polling:142 - Обновление от user_id=6424595615
data=subscription 💳 Подписка

2026-04-01 23:30:54.912 | SUCCESS  | apps.bot.management.commands.bot:long_polling:142 - Обновление от user_id=6424595615
data=main_menu ⬅️ Назад

2026-04-01 23:31:07.522 | SUCCESS  | apps.bot.management.commands.bot:long_polling:142 - Обновление от user_id=6424595615
data=free_sub 🎉 Пробный период

2026-04-01 23:31:10.705 | SUCCESS  | apps.bot.management.commands.bot:long_polling:142 - Обновление от user_id=6424595615
data=main_menu ⬅️ Назад

2026-04-01 23:31:22.114 | SUCCESS  | apps.bot.management.commands.bot:long_polling:142 - Обновление от user_id=6424595615
data=subscription 💳 Подписка

2026-04-02 00:48:00.437 | SUCCESS  | apps.bot.management.commands.bot:long_polling:142 - Обновление от user_id=885547263
data=subscription 💳 Подписка

2026-04-02 00:48:02.934 | SUCCESS  | apps.bot.management.commands.bot:long_polling:142 - Обновление от user_id=885547263
data=buy_sub 79 1 1 1 м | 1 устр.

2026-04-02 00:52:51.037 | SUCCESS  | apps.bot.management.commands.bot:long_polling:142 - Обновление от user_id=885547263
data=profile

2026-04-02 00:53:04.489 | SUCCESS  | apps.bot.management.commands.bot:long_polling:142 - Обновление от user_id=885547263
data=main_menu ⬅️ Назад

2026-04-02 00:53:06.941 | SUCCESS  | apps.bot.management.commands.bot:long_polling:142 - Обновление от user_id=885547263
data=profile ⚙️ Профиль

2026-04-02 00:53:14.079 | SUCCESS  | apps.bot.management.commands.bot:long_polling:142 - Обновление от user_id=885547263
data=main_menu ⬅️ Назад

2026-04-02 00:53:18.402 | SUCCESS  | apps.bot.management.commands.bot:long_polling:142 - Обновление от user_id=885547263
data=profile ⚙️ Профиль

2026-04-02 00:54:34.484 | SUCCESS  | apps.bot.management.commands.bot:long_polling:142 - Обновление от user_id=885547263
data=support_project ❤️ Поддержать

2026-04-02 00:54:37.239 | SUCCESS  | apps.bot.management.commands.bot:long_polling:142 - Обновление от user_id=885547263
data=main_menu ⬅️ Назад

2026-04-02 00:54:40.214 | SUCCESS  | apps.bot.management.commands.bot:long_polling:142 - Обновление от user_id=885547263
data=profile ⚙️ Профиль

2026-04-02 00:54:41.974 | SUCCESS  | apps.bot.management.commands.bot:long_polling:142 - Обновление от user_id=885547263
data=main_menu ⬅️ Назад

2026-04-02 07:50:16.756 | SUCCESS  | apps.bot.management.commands.bot:long_polling:142 - Обновление от user_id=6424595615
data=main_menu ⬅️ Назад

2026-04-02 08:59:03.222 | SUCCESS  | apps.bot.management.commands.bot:long_polling:142 - Обновление от user_id=6424595615
data=subscription 💳 Подписка

2026-04-02 08:59:04.509 | SUCCESS  | apps.bot.management.commands.bot:long_polling:142 - Обновление от user_id=6424595615
data=buy_sub 79 1 1 1 м | 1 устр.

2026-04-02 09:04:40.859 | SUCCESS  | apps.bot.management.commands.bot:long_polling:142 - Обновление от user_id=6424595615
data=subscription ⬅️ Назад

2026-04-02 09:04:42.072 | SUCCESS  | apps.bot.management.commands.bot:long_polling:142 - Обновление от user_id=6424595615
data=main_menu ⬅️ Назад

2026-04-02 09:54:12.728 | SUCCESS  | apps.bot.management.commands.bot:long_polling:142 - Обновление от user_id=6424595615
data=profile ⚙️ Профиль

2026-04-02 09:54:13.757 | SUCCESS  | apps.bot.management.commands.bot:long_polling:142 - Обновление от user_id=6424595615
data=main_menu ⬅️ Назад

2026-04-02 10:06:47.027 | SUCCESS  | apps.bot.management.commands.bot:long_polling:142 - Обновление от user_id=8097466937
data=subscription

2026-04-02 10:06:49.468 | SUCCESS  | apps.bot.management.commands.bot:long_polling:142 - Обновление от user_id=8097466937
data=buy_sub 79 1 1 1 м | 1 устр.

2026-04-02 10:10:35.632 | SUCCESS  | apps.bot.management.commands.bot:long_polling:142 - Обновление от user_id=6424595615
data=profile ⚙️ Профиль

2026-04-02 10:10:53.892 | SUCCESS  | apps.bot.management.commands.bot:long_polling:142 - Обновление от user_id=8097466937
data=profile

2026-04-02 10:53:44.496 | SUCCESS  | apps.bot.management.commands.bot:long_polling:142 - Обновление от user_id=6424595615
data=main_menu ⬅️ Назад

2026-04-02 13:21:44.775 | SUCCESS  | apps.bot.management.commands.bot:long_polling:142 - Обновление от user_id=6424595615
data=subscription 💳 Подписка

2026-04-02 13:21:46.084 | SUCCESS  | apps.bot.management.commands.bot:long_polling:142 - Обновление от user_id=6424595615
data=buy_sub 79 1 1 1 м | 1 устр.

2026-04-02 13:21:49.063 | SUCCESS  | apps.bot.management.commands.bot:long_polling:142 - Обновление от user_id=6424595615
data=buy_sub 79 1 1 1 м | 1 устр.

2026-04-02 13:22:16.444 | SUCCESS  | apps.bot.management.commands.bot:long_polling:142 - Обновление от user_id=6424595615
data=main_menu ⬅️ Назад

2026-04-02 13:22:17.525 | SUCCESS  | apps.bot.management.commands.bot:long_polling:142 - Обновление от user_id=6424595615
data=subscription 💳 Подписка

2026-04-02 13:22:18.489 | SUCCESS  | apps.bot.management.commands.bot:long_polling:142 - Обновление от user_id=6424595615
data=buy_sub 399 1 12 1 м | 12 устр.

2026-04-02 13:22:19.903 | SUCCESS  | apps.bot.management.commands.bot:long_polling:142 - Обновление от user_id=6424595615
data=buy_sub 209 1 3 1 м | 3 устр.

2026-04-02 13:22:20.373 | SUCCESS  | apps.bot.management.commands.bot:long_polling:142 - Обновление от user_id=6424595615
data=buy_sub 79 1 1 1 м | 1 устр.

2026-04-02 13:23:04.539 | SUCCESS  | apps.bot.management.commands.bot:long_polling:142 - Обновление от user_id=6424595615
data=buy_sub 79 1 1 1 м | 1 устр.

2026-04-02 13:23:06.300 | SUCCESS  | apps.bot.management.commands.bot:long_polling:142 - Обновление от user_id=6424595615
data=main_menu ⬅️ Назад

2026-04-02 13:23:07.416 | SUCCESS  | apps.bot.management.commands.bot:long_polling:142 - Обновление от user_id=6424595615
data=subscription 💳 Подписка

2026-04-02 13:23:08.424 | SUCCESS  | apps.bot.management.commands.bot:long_polling:142 - Обновление от user_id=6424595615
data=buy_sub 79 1 1 1 м | 1 устр.

2026-04-02 13:24:57.478 | SUCCESS  | apps.bot.management.commands.bot:long_polling:142 - Обновление от user_id=6424595615
data=main_menu ⬅️ Назад

2026-04-02 13:24:58.607 | SUCCESS  | apps.bot.management.commands.bot:long_polling:142 - Обновление от user_id=6424595615
data=subscription 💳 Подписка

2026-04-02 13:24:59.480 | SUCCESS  | apps.bot.management.commands.bot:long_polling:142 - Обновление от user_id=6424595615
data=buy_sub 79 1 1 1 м | 1 устр.

2026-04-02 13:26:07.400 | SUCCESS  | apps.bot.management.commands.bot:long_polling:142 - Обновление от user_id=6424595615
data=profile

2026-04-02 13:26:08.557 | SUCCESS  | apps.bot.management.commands.bot:long_polling:142 - Обновление от user_id=6424595615
data=main_menu ⬅️ Назад

2026-04-02 13:27:49.760 | SUCCESS  | apps.bot.management.commands.bot:long_polling:142 - Обновление от user_id=1278974479
data=subscription 💳 Подписка

2026-04-02 13:28:07.885 | SUCCESS  | apps.bot.management.commands.bot:long_polling:142 - Обновление от user_id=1278974479
data=buy_sub 209 1 3 1 м | 3 устр.

2026-04-02 13:28:57.602 | SUCCESS  | apps.bot.management.commands.bot:long_polling:142 - Обновление от user_id=1278974479
data=profile

2026-04-02 13:29:22.960 | SUCCESS  | apps.bot.management.commands.bot:long_polling:142 - Обновление от user_id=1278974479
data=main_menu ⬅️ Назад

2026-04-02 13:29:25.010 | SUCCESS  | apps.bot.management.commands.bot:long_polling:142 - Обновление от user_id=1278974479
data=subscription 💳 Подписка

2026-04-02 13:29:27.088 | SUCCESS  | apps.bot.management.commands.bot:long_polling:142 - Обновление от user_id=1278974479
data=main_menu ⬅️ Назад

2026-04-02 13:29:29.329 | SUCCESS  | apps.bot.management.commands.bot:long_polling:142 - Обновление от user_id=1278974479
data=profile ⚙️ Профиль

2026-04-02 13:29:32.374 | SUCCESS  | apps.bot.management.commands.bot:long_polling:142 - Обновление от user_id=1278974479
data=main_menu ⬅️ Назад

2026-04-02 13:29:44.457 | SUCCESS  | apps.bot.management.commands.bot:long_polling:142 - Обновление от user_id=1278974479
data=download ✅ Установка

2026-04-02 13:29:46.728 | SUCCESS  | apps.bot.management.commands.bot:long_polling:142 - Обновление от user_id=1278974479
data=main_menu ⬅️ Назад

2026-04-02 13:29:50.599 | SUCCESS  | apps.bot.management.commands.bot:long_polling:142 - Обновление от user_id=1278974479
data=subscription 💳 Подписка

2026-04-02 13:29:52.121 | SUCCESS  | apps.bot.management.commands.bot:long_polling:142 - Обновление от user_id=1278974479
data=main_menu ⬅️ Назад

2026-04-02 13:30:40.664 | SUCCESS  | apps.bot.management.commands.bot:long_polling:142 - Обновление от user_id=1278974479
data=main_menu ⬅️ Назад

2026-04-02 13:30:50.224 | SUCCESS  | apps.bot.management.commands.bot:long_polling:142 - Обновление от user_id=1278974479
data=subscription 💳 Подписка

2026-04-02 13:33:55.207 | SUCCESS  | apps.bot.management.commands.bot:long_polling:142 - Обновление от user_id=1278974479
data=main_menu ⬅️ Назад

2026-04-02 13:34:25.059 | SUCCESS  | apps.bot.management.commands.bot:long_polling:142 - Обновление от user_id=1278974479
data=subscription 💳 Подписка

2026-04-02 13:34:26.927 | SUCCESS  | apps.bot.management.commands.bot:long_polling:142 - Обновление от user_id=1278974479
data=main_menu ⬅️ Назад

2026-04-02 13:34:28.483 | SUCCESS  | apps.bot.management.commands.bot:long_polling:142 - Обновление от user_id=1278974479
data=free_sub 🎉 Пробный период

2026-04-02 13:34:33.148 | SUCCESS  | apps.bot.management.commands.bot:long_polling:142 - Обновление от user_id=1278974479
data=main_menu ⬅️ Назад

2026-04-02 13:34:39.201 | SUCCESS  | apps.bot.management.commands.bot:long_polling:142 - Обновление от user_id=1278974479
data=profile ⚙️ Профиль

2026-04-02 13:56:36.613 | SUCCESS  | apps.bot.management.commands.bot:long_polling:142 - Обновление от user_id=6424595615
data=profile ⚙️ Профиль

2026-04-02 13:56:37.869 | SUCCESS  | apps.bot.management.commands.bot:long_polling:142 - Обновление от user_id=6424595615
data=main_menu ⬅️ Назад

2026-04-02 13:56:40.614 | SUCCESS  | apps.bot.management.commands.bot:long_polling:142 - Обновление от user_id=6424595615
data=subscription 💳 Подписка

2026-04-02 13:56:42.002 | SUCCESS  | apps.bot.management.commands.bot:long_polling:142 - Обновление от user_id=6424595615
data=buy_sub 79 1 1 1 м | 1 устр.

