/personal/wvpn-project/.venv/lib/python3.12/site-packages/django/db/models/fields/__init__.py:1665: RuntimeWarning: DateTimeField BotUser.subscription_date_end received a naive datetime (2026-02-14 22:58:21.864722) while time zone support is active.
  warnings.warn(
/personal/wvpn-project/.venv/lib/python3.12/site-packages/django/db/models/fields/__init__.py:1665: RuntimeWarning: DateTimeField BotUser.subscription_date_start received a naive datetime (2026-02-11 22:58:22.238973) while time zone support is active.
  warnings.warn(
/personal/wvpn-project/.venv/lib/python3.12/site-packages/django/db/models/fields/__init__.py:1665: RuntimeWarning: DateTimeField BotUser.subscription_date_end received a naive datetime (2026-02-15 00:31:12.485490) while time zone support is active.
  warnings.warn(
/personal/wvpn-project/.venv/lib/python3.12/site-packages/django/db/models/fields/__init__.py:1665: RuntimeWarning: DateTimeField BotUser.subscription_date_start received a naive datetime (2026-02-12 00:31:12.760815) while time zone support is active.
  warnings.warn(
/personal/wvpn-project/.venv/lib/python3.12/site-packages/django/db/models/fields/__init__.py:1665: RuntimeWarning: DateTimeField BotUser.subscription_date_end received a naive datetime (2026-02-15 10:07:28.649350) while time zone support is active.
  warnings.warn(
/personal/wvpn-project/.venv/lib/python3.12/site-packages/django/db/models/fields/__init__.py:1665: RuntimeWarning: DateTimeField BotUser.subscription_date_start received a naive datetime (2026-02-12 10:07:28.847386) while time zone support is active.
  warnings.warn(
/personal/wvpn-project/.venv/lib/python3.12/site-packages/django/db/models/fields/__init__.py:1665: RuntimeWarning: DateTimeField BotUser.subscription_date_end received a naive datetime (2026-02-15 16:17:25.465980) while time zone support is active.
  warnings.warn(
/personal/wvpn-project/.venv/lib/python3.12/site-packages/django/db/models/fields/__init__.py:1665: RuntimeWarning: DateTimeField BotUser.subscription_date_start received a naive datetime (2026-02-12 16:17:25.733480) while time zone support is active.
  warnings.warn(
/personal/wvpn-project/.venv/lib/python3.12/site-packages/django/db/models/fields/__init__.py:1665: RuntimeWarning: DateTimeField BotUser.subscription_date_end received a naive datetime (2026-02-17 11:30:32.456995) while time zone support is active.
  warnings.warn(
/personal/wvpn-project/.venv/lib/python3.12/site-packages/django/db/models/fields/__init__.py:1665: RuntimeWarning: DateTimeField BotUser.subscription_date_start received a naive datetime (2026-02-14 11:30:32.960782) while time zone support is active.
  warnings.warn(
/personal/wvpn-project/.venv/lib/python3.12/site-packages/django/db/models/fields/__init__.py:1665: RuntimeWarning: DateTimeField BotUser.subscription_date_end received a naive datetime (2026-02-18 12:25:47.601944) while time zone support is active.
  warnings.warn(
/personal/wvpn-project/.venv/lib/python3.12/site-packages/django/db/models/fields/__init__.py:1665: RuntimeWarning: DateTimeField BotUser.subscription_date_start received a naive datetime (2026-02-15 12:25:48.134046) while time zone support is active.
  warnings.warn(
Traceback (most recent call last):
  File "/personal/wvpn-project/.venv/lib/python3.12/site-packages/django/db/backends/utils.py", line 105, in _execute
    return self.cursor.execute(sql, params)
           ^^^^^^^^^^^^^^^^^^^^^^^^^^^^^^^^
psycopg2.OperationalError: SSL connection has been closed unexpectedly


The above exception was the direct cause of the following exception:

Traceback (most recent call last):
  File "/personal/wvpn-project/bot_builder/manage.py", line 22, in <module>
    main()
  File "/personal/wvpn-project/bot_builder/manage.py", line 18, in main
    execute_from_command_line(sys.argv)
  File "/personal/wvpn-project/.venv/lib/python3.12/site-packages/django/core/management/__init__.py", line 442, in execute_from_command_line
    utility.execute()
  File "/personal/wvpn-project/.venv/lib/python3.12/site-packages/django/core/management/__init__.py", line 436, in execute
    self.fetch_command(subcommand).run_from_argv(self.argv)
    ^^^^^^^^^^^^^^^^^^^^^^^^^^^^^^
  File "/personal/wvpn-project/.venv/lib/python3.12/site-packages/django/core/management/__init__.py", line 275, in fetch_command
    klass = load_command_class(app_name, subcommand)
            ^^^^^^^^^^^^^^^^^^^^^^^^^^^^^^^^^^^^^^^^
  File "/personal/wvpn-project/.venv/lib/python3.12/site-packages/django/core/management/__init__.py", line 48, in load_command_class
    module = import_module("%s.management.commands.%s" % (app_name, name))
             ^^^^^^^^^^^^^^^^^^^^^^^^^^^^^^^^^^^^^^^^^^^^^^^^^^^^^^^^^^^^^
  File "/usr/lib/python3.12/importlib/__init__.py", line 90, in import_module
    return _bootstrap._gcd_import(name[level:], package, level)
           ^^^^^^^^^^^^^^^^^^^^^^^^^^^^^^^^^^^^^^^^^^^^^^^^^^^^
  File "<frozen importlib._bootstrap>", line 1387, in _gcd_import
  File "<frozen importlib._bootstrap>", line 1360, in _find_and_load
  File "<frozen importlib._bootstrap>", line 1331, in _find_and_load_unlocked
  File "<frozen importlib._bootstrap>", line 935, in _load_unlocked
  File "<frozen importlib._bootstrap_external>", line 995, in exec_module
  File "<frozen importlib._bootstrap>", line 488, in _call_with_frames_removed
  File "/personal/wvpn-project/bot_builder/apps/worker/management/commands/new_worker.py", line 13, in <module>
    class Command(BaseCommand):
  File "/personal/wvpn-project/bot_builder/apps/worker/management/commands/new_worker.py", line 177, in Command
    worker(bot)
  File "/personal/wvpn-project/bot_builder/apps/worker/management/commands/new_worker.py", line 15, in worker
    if Events.objects.filter(status='ACCEPTED').exists():
       ^^^^^^^^^^^^^^^^^^^^^^^^^^^^^^^^^^^^^^^^^^^^^^^^^
  File "/personal/wvpn-project/.venv/lib/python3.12/site-packages/django/db/models/query.py", line 1288, in exists
    return self.query.has_results(using=self.db)
           ^^^^^^^^^^^^^^^^^^^^^^^^^^^^^^^^^^^^^
  File "/personal/wvpn-project/.venv/lib/python3.12/site-packages/django/db/models/sql/query.py", line 660, in has_results
    return compiler.has_results()
           ^^^^^^^^^^^^^^^^^^^^^^
  File "/personal/wvpn-project/.venv/lib/python3.12/site-packages/django/db/models/sql/compiler.py", line 1542, in has_results
    return bool(self.execute_sql(SINGLE))
                ^^^^^^^^^^^^^^^^^^^^^^^^
  File "/personal/wvpn-project/.venv/lib/python3.12/site-packages/django/db/models/sql/compiler.py", line 1574, in execute_sql
    cursor.execute(sql, params)
  File "/personal/wvpn-project/.venv/lib/python3.12/site-packages/django/db/backends/utils.py", line 122, in execute
    return super().execute(sql, params)
           ^^^^^^^^^^^^^^^^^^^^^^^^^^^^
  File "/personal/wvpn-project/.venv/lib/python3.12/site-packages/django/db/backends/utils.py", line 79, in execute
    return self._execute_with_wrappers(
           ^^^^^^^^^^^^^^^^^^^^^^^^^^^^
  File "/personal/wvpn-project/.venv/lib/python3.12/site-packages/django/db/backends/utils.py", line 92, in _execute_with_wrappers
    return executor(sql, params, many, context)
           ^^^^^^^^^^^^^^^^^^^^^^^^^^^^^^^^^^^^
  File "/personal/wvpn-project/.venv/lib/python3.12/site-packages/django/db/backends/utils.py", line 100, in _execute
    with self.db.wrap_database_errors:
  File "/personal/wvpn-project/.venv/lib/python3.12/site-packages/django/db/utils.py", line 91, in __exit__
    raise dj_exc_value.with_traceback(traceback) from exc_value
  File "/personal/wvpn-project/.venv/lib/python3.12/site-packages/django/db/backends/utils.py", line 105, in _execute
    return self.cursor.execute(sql, params)
           ^^^^^^^^^^^^^^^^^^^^^^^^^^^^^^^^
django.db.utils.OperationalError: SSL connection has been closed unexpectedly

/personal/wvpn-project/.venv/lib/python3.12/site-packages/django/db/models/fields/__init__.py:1665: RuntimeWarning: DateTimeField BotUser.subscription_date_end received a naive datetime (2026-02-21 13:59:44.525554) while time zone support is active.
  warnings.warn(
/personal/wvpn-project/.venv/lib/python3.12/site-packages/django/db/models/fields/__init__.py:1665: RuntimeWarning: DateTimeField BotUser.subscription_date_start received a naive datetime (2026-02-18 13:59:44.916779) while time zone support is active.
  warnings.warn(
/personal/wvpn-project/.venv/lib/python3.12/site-packages/django/db/models/fields/__init__.py:1665: RuntimeWarning: DateTimeField BotUser.subscription_date_end received a naive datetime (2026-02-22 21:02:47.933944) while time zone support is active.
  warnings.warn(
/personal/wvpn-project/.venv/lib/python3.12/site-packages/django/db/models/fields/__init__.py:1665: RuntimeWarning: DateTimeField BotUser.subscription_date_start received a naive datetime (2026-02-19 21:02:48.338613) while time zone support is active.
  warnings.warn(
Traceback (most recent call last):
  File "/personal/wvpn-project/.venv/lib/python3.12/site-packages/django/db/backends/utils.py", line 105, in _execute
    return self.cursor.execute(sql, params)
           ^^^^^^^^^^^^^^^^^^^^^^^^^^^^^^^^
psycopg2.OperationalError: SSL connection has been closed unexpectedly


The above exception was the direct cause of the following exception:

Traceback (most recent call last):
  File "/personal/wvpn-project/bot_builder/manage.py", line 22, in <module>
    main()
  File "/personal/wvpn-project/bot_builder/manage.py", line 18, in main
    execute_from_command_line(sys.argv)
  File "/personal/wvpn-project/.venv/lib/python3.12/site-packages/django/core/management/__init__.py", line 442, in execute_from_command_line
    utility.execute()
  File "/personal/wvpn-project/.venv/lib/python3.12/site-packages/django/core/management/__init__.py", line 436, in execute
    self.fetch_command(subcommand).run_from_argv(self.argv)
    ^^^^^^^^^^^^^^^^^^^^^^^^^^^^^^
  File "/personal/wvpn-project/.venv/lib/python3.12/site-packages/django/core/management/__init__.py", line 275, in fetch_command
    klass = load_command_class(app_name, subcommand)
            ^^^^^^^^^^^^^^^^^^^^^^^^^^^^^^^^^^^^^^^^
  File "/personal/wvpn-project/.venv/lib/python3.12/site-packages/django/core/management/__init__.py", line 48, in load_command_class
    module = import_module("%s.management.commands.%s" % (app_name, name))
             ^^^^^^^^^^^^^^^^^^^^^^^^^^^^^^^^^^^^^^^^^^^^^^^^^^^^^^^^^^^^^
  File "/usr/lib/python3.12/importlib/__init__.py", line 90, in import_module
    return _bootstrap._gcd_import(name[level:], package, level)
           ^^^^^^^^^^^^^^^^^^^^^^^^^^^^^^^^^^^^^^^^^^^^^^^^^^^^
  File "<frozen importlib._bootstrap>", line 1387, in _gcd_import
  File "<frozen importlib._bootstrap>", line 1360, in _find_and_load
  File "<frozen importlib._bootstrap>", line 1331, in _find_and_load_unlocked
  File "<frozen importlib._bootstrap>", line 935, in _load_unlocked
  File "<frozen importlib._bootstrap_external>", line 995, in exec_module
  File "<frozen importlib._bootstrap>", line 488, in _call_with_frames_removed
  File "/personal/wvpn-project/bot_builder/apps/worker/management/commands/new_worker.py", line 13, in <module>
    class Command(BaseCommand):
  File "/personal/wvpn-project/bot_builder/apps/worker/management/commands/new_worker.py", line 177, in Command
    worker(bot)
  File "/personal/wvpn-project/bot_builder/apps/worker/management/commands/new_worker.py", line 15, in worker
    if Events.objects.filter(status='ACCEPTED').exists():
       ^^^^^^^^^^^^^^^^^^^^^^^^^^^^^^^^^^^^^^^^^^^^^^^^^
  File "/personal/wvpn-project/.venv/lib/python3.12/site-packages/django/db/models/query.py", line 1288, in exists
    return self.query.has_results(using=self.db)
           ^^^^^^^^^^^^^^^^^^^^^^^^^^^^^^^^^^^^^
  File "/personal/wvpn-project/.venv/lib/python3.12/site-packages/django/db/models/sql/query.py", line 660, in has_results
    return compiler.has_results()
           ^^^^^^^^^^^^^^^^^^^^^^
  File "/personal/wvpn-project/.venv/lib/python3.12/site-packages/django/db/models/sql/compiler.py", line 1542, in has_results
    return bool(self.execute_sql(SINGLE))
                ^^^^^^^^^^^^^^^^^^^^^^^^
  File "/personal/wvpn-project/.venv/lib/python3.12/site-packages/django/db/models/sql/compiler.py", line 1574, in execute_sql
    cursor.execute(sql, params)
  File "/personal/wvpn-project/.venv/lib/python3.12/site-packages/django/db/backends/utils.py", line 122, in execute
    return super().execute(sql, params)
           ^^^^^^^^^^^^^^^^^^^^^^^^^^^^
  File "/personal/wvpn-project/.venv/lib/python3.12/site-packages/django/db/backends/utils.py", line 79, in execute
    return self._execute_with_wrappers(
           ^^^^^^^^^^^^^^^^^^^^^^^^^^^^
  File "/personal/wvpn-project/.venv/lib/python3.12/site-packages/django/db/backends/utils.py", line 92, in _execute_with_wrappers
    return executor(sql, params, many, context)
           ^^^^^^^^^^^^^^^^^^^^^^^^^^^^^^^^^^^^
  File "/personal/wvpn-project/.venv/lib/python3.12/site-packages/django/db/backends/utils.py", line 100, in _execute
    with self.db.wrap_database_errors:
  File "/personal/wvpn-project/.venv/lib/python3.12/site-packages/django/db/utils.py", line 91, in __exit__
    raise dj_exc_value.with_traceback(traceback) from exc_value
  File "/personal/wvpn-project/.venv/lib/python3.12/site-packages/django/db/backends/utils.py", line 105, in _execute
    return self.cursor.execute(sql, params)
           ^^^^^^^^^^^^^^^^^^^^^^^^^^^^^^^^
django.db.utils.OperationalError: SSL connection has been closed unexpectedly

/personal/wvpn-project/.venv/lib/python3.12/site-packages/django/db/models/fields/__init__.py:1665: RuntimeWarning: DateTimeField BotUser.subscription_date_end received a naive datetime (2026-02-24 13:38:19.635004) while time zone support is active.
  warnings.warn(
/personal/wvpn-project/.venv/lib/python3.12/site-packages/django/db/models/fields/__init__.py:1665: RuntimeWarning: DateTimeField BotUser.subscription_date_start received a naive datetime (2026-02-21 13:38:19.991493) while time zone support is active.
  warnings.warn(
